TN:
SF:C:/Users/frede/Documents/Angular/InterventionsTest/src/polyfills.ts
FNF:0
FNH:0
DA:46,1
DA:73,1
LF:2
LH:2
BRF:0
BRH:0
end_of_record
TN:
SF:C:/Users/frede/Documents/Angular/InterventionsTest/src/test.ts
FNF:0
FNH:0
DA:3,1
DA:4,1
DA:5,1
DA:13,1
DA:18,1
DA:20,1
LF:6
LH:6
BRF:0
BRH:0
end_of_record
TN:
SF:C:/Users/frede/Documents/Angular/InterventionsTest/src/app/app.component.ts
FN:8,(anonymous_1)
FN:3,AppComponent
FNF:2
FNH:1
FNDA:1,(anonymous_1)
FNDA:0,AppComponent
DA:1,1
DA:8,1
DA:9,0
DA:10,1
LF:4
LH:3
BRF:0
BRH:0
end_of_record
TN:
SF:C:/Users/frede/Documents/Angular/InterventionsTest/src/app/accueil/accueil.component.ts
FN:8,(anonymous_2)
FN:10,AccueilComponent
FN:12,(anonymous_4)
FNF:3
FNH:3
FNDA:1,(anonymous_2)
FNDA:1,AccueilComponent
FNDA:1,(anonymous_4)
DA:1,1
DA:8,1
DA:12,1
DA:15,1
LF:4
LH:4
BRF:0
BRH:0
end_of_record
TN:
SF:C:/Users/frede/Documents/Angular/InterventionsTest/src/app/probleme/probleme.component.ts
FN:13,(anonymous_2)
FN:19,ProblemeComponent
FN:21,(anonymous_4)
FN:35,(anonymous_5)
FN:36,(anonymous_6)
FN:40,(anonymous_7)
FNF:6
FNH:5
FNDA:1,(anonymous_2)
FNDA:32,ProblemeComponent
FNDA:32,(anonymous_4)
FNDA:0,(anonymous_5)
FNDA:31,(anonymous_6)
FNDA:25,(anonymous_7)
DA:1,1
DA:2,1
DA:3,1
DA:4,1
DA:6,1
DA:13,1
DA:19,32
DA:21,32
DA:22,32
DA:34,32
DA:35,0
DA:36,31
DA:40,1
DA:41,25
DA:42,25
DA:43,25
DA:44,25
DA:46,25
DA:47,25
DA:48,25
DA:50,25
DA:51,25
DA:52,25
DA:54,25
DA:55,25
DA:56,25
DA:58,25
DA:59,11
DA:60,11
DA:61,11
DA:62,11
DA:63,11
DA:64,14
DA:65,8
DA:66,8
DA:69,25
DA:70,25
DA:71,25
DA:72,25
DA:74,1
LF:40
LH:39
BRDA:58,0,0,11
BRDA:58,0,1,14
BRDA:64,1,0,8
BRDA:64,1,1,6
BRF:4
BRH:4
end_of_record
TN:
SF:C:/Users/frede/Documents/Angular/InterventionsTest/src/app/probleme/type-de-probleme.service.ts
FN:9,(anonymous_2)
FN:12,TypeDeProblemeService
FN:14,(anonymous_4)
FN:16,(anonymous_5)
FN:20,(anonymous_6)
FNF:5
FNH:4
FNDA:1,(anonymous_2)
FNDA:32,TypeDeProblemeService
FNDA:32,(anonymous_4)
FNDA:0,(anonymous_5)
FNDA:31,(anonymous_6)
DA:1,1
DA:2,1
DA:4,1
DA:5,1
DA:6,1
DA:9,1
DA:10,32
DA:12,32
DA:14,1
DA:15,32
DA:16,0
DA:20,1
DA:23,31
DA:24,31
DA:27,1
LF:15
LH:14
BRF:0
BRH:0
end_of_record
TN:
SF:C:/Users/frede/Documents/Angular/InterventionsTest/src/app/shared/Email-Validator.ts
FN:3,(anonymous_0)
FN:4,(anonymous_2)
FN:5,(anonymous_3)
FNF:3
FNH:3
FNDA:1,(anonymous_0)
FNDA:11,(anonymous_2)
FNDA:46,(anonymous_3)
DA:3,1
DA:4,1
DA:5,11
DA:6,46
DA:7,46
DA:9,46
DA:10,43
DA:13,3
DA:14,2
DA:16,1
DA:20,1
LF:11
LH:11
BRDA:9,0,0,43
BRDA:9,0,1,3
BRDA:9,1,0,46
BRDA:9,1,1,5
BRDA:13,2,0,2
BRDA:13,2,1,1
BRF:6
BRH:6
end_of_record
TN:
SF:C:/Users/frede/Documents/Angular/InterventionsTest/src/app/shared/caracteres-validator.ts
FN:3,(anonymous_0)
FN:4,(anonymous_2)
FN:5,(anonymous_3)
FN:13,(anonymous_4)
FN:14,(anonymous_5)
FNF:5
FNH:5
FNDA:1,(anonymous_0)
FNDA:68,(anonymous_2)
FNDA:203,(anonymous_3)
FNDA:68,(anonymous_4)
FNDA:203,(anonymous_5)
DA:3,1
DA:4,1
DA:5,68
DA:6,203
DA:7,7
DA:9,196
DA:13,1
DA:14,68
DA:15,203
DA:16,4
DA:18,199
DA:22,1
LF:12
LH:12
BRDA:6,0,0,7
BRDA:6,0,1,196
BRDA:15,1,0,4
BRDA:15,1,1,199
BRF:4
BRH:4
end_of_record
